<?xml version="1.0" encoding="UTF-8"?>
<!-- Generated by org.testng.reporters.JUnitReportReporter -->
<testsuite hostname="LAPTOP-43UJF3RO" name="OnlineTest.HomePageTest" tests="3" failures="0" timestamp="13 Mar 2020 12:35:44 GMT" time="11.522" errors="0">
  <testcase name="PageNavigated" time="8.396" classname="OnlineTest.HomePageTest"/>
  <testcase name="HomePageDisplayed" time="0.240" classname="OnlineTest.HomePageTest"/>
  <testcase name="EmailNewsLetter" time="2.886" classname="OnlineTest.HomePageTest"/>
</testsuite> <!-- OnlineTest.HomePageTest -->
