<?xml version="1.0" encoding="UTF-8"?>
<!-- Generated by org.testng.reporters.JUnitReportReporter -->
<testsuite hostname="LAPTOP-43UJF3RO" name="OnlineTest.DressPageTest" tests="3" failures="0" timestamp="13 Mar 2020 12:35:44 GMT" time="25.101" errors="0">
  <testcase name="AddCartVerification" time="19.814" classname="OnlineTest.DressPageTest"/>
  <testcase name="DressSizeDisplayed" time="2.649" classname="OnlineTest.DressPageTest"/>
  <testcase name="ProductCheck" time="2.638" classname="OnlineTest.DressPageTest"/>
</testsuite> <!-- OnlineTest.DressPageTest -->
