<?xml version="1.0" encoding="UTF-8"?>
<!-- Generated by org.testng.reporters.JUnitReportReporter -->
<testsuite hostname="LAPTOP-43UJF3RO" name="OnlineTest.DressPageTest" tests="3" failures="0" timestamp="13 Mar 2020 12:40:46 GMT" time="24.270" errors="0">
  <testcase name="AddCartVerification" time="18.759" classname="OnlineTest.DressPageTest"/>
  <testcase name="ProductCheck" time="3.273" classname="OnlineTest.DressPageTest"/>
  <testcase name="DressSizeDisplayed" time="2.238" classname="OnlineTest.DressPageTest"/>
</testsuite> <!-- OnlineTest.DressPageTest -->
