<?xml version="1.0" encoding="UTF-8"?>
<!-- Generated by org.testng.reporters.JUnitReportReporter -->
<testsuite hostname="LAPTOP-43UJF3RO" name="OnlineTest.HomePageTest" tests="3" failures="0" timestamp="13 Mar 2020 12:40:46 GMT" time="12.797" errors="0">
  <testcase name="PageNavigated" time="9.166" classname="OnlineTest.HomePageTest"/>
  <testcase name="EmailNewsLetter" time="3.417" classname="OnlineTest.HomePageTest"/>
  <testcase name="HomePageDisplayed" time="0.214" classname="OnlineTest.HomePageTest"/>
</testsuite> <!-- OnlineTest.HomePageTest -->
